2025-01-15T09:32:32.195-06:00 DEBUG 40510 --- [ConsultaDatosWebService] [http-nio-8080-exec-8] o.s.web.servlet.DispatcherServlet        : GET "/api/consultar?estado=&tipo=&zona=&segmento=&precioFichaIni=&precioFichaFin=&preciom2Ini=&preciom2Fin=&fechaIni=2024-10&fechaFin=2025-01", parameters={masked}
2025-01-15T09:32:32.469-06:00 DEBUG 40510 --- [ConsultaDatosWebService] [http-nio-8080-exec-8] s.w.s.m.m.a.RequestMappingHandlerMapping : Mapped to com.data.GrupoCuatroS.controller.BigQueryController#consultar(String, String, String, String, String, String, String, String, String, String)
2025-01-15T09:32:33.312-06:00 DEBUG 40510 --- [ConsultaDatosWebService] [http-nio-8080-exec-8] m.m.a.RequestResponseBodyMethodProcessor : Using 'application/json', given [application/json, application/*+json] and supported [application/json, application/*+json]
2025-01-15T09:32:33.313-06:00 DEBUG 40510 --- [ConsultaDatosWebService] [http-nio-8080-exec-8] m.m.a.RequestResponseBodyMethodProcessor : Writing [[]]
2025-01-15T09:32:33.320-06:00 DEBUG 40510 --- [ConsultaDatosWebService] [http-nio-8080-exec-8] o.s.web.servlet.DispatcherServlet        : Completed 200 OK
2025-01-15T09:32:33.330-06:00 DEBUG 40510 --- [ConsultaDatosWebService] [http-nio-8080-exec-9] o.s.web.servlet.DispatcherServlet        : GET "/api/getEstados", parameters={}
2025-01-15T09:32:33.330-06:00 DEBUG 40510 --- [ConsultaDatosWebService] [http-nio-8080-exec-9] s.w.s.m.m.a.RequestMappingHandlerMapping : Mapped to com.data.GrupoCuatroS.controller.BigQueryController#getEstados()
2025-01-15T09:32:33.824-06:00 DEBUG 40510 --- [ConsultaDatosWebService] [http-nio-8080-exec-9] m.m.a.RequestResponseBodyMethodProcessor : Using 'application/json', given [application/json, application/*+json] and supported [application/json, application/*+json]
2025-01-15T09:32:33.825-06:00 DEBUG 40510 --- [ConsultaDatosWebService] [http-nio-8080-exec-9] m.m.a.RequestResponseBodyMethodProcessor : Writing [[com.data.GrupoCuatroS.entity.CatalogResultEntity@7bb6a855, com.data.GrupoCuatroS.entity.CatalogResu (truncated)...]
2025-01-15T09:32:33.826-06:00 DEBUG 40510 --- [ConsultaDatosWebService] [http-nio-8080-exec-9] o.s.web.servlet.DispatcherServlet        : Completed 200 OK
2025-01-15T09:32:33.841-06:00 DEBUG 40510 --- [ConsultaDatosWebService] [http-nio-8080-exec-10] o.s.web.servlet.DispatcherServlet        : GET "/api/getTipo", parameters={}
2025-01-15T09:32:33.842-06:00 DEBUG 40510 --- [ConsultaDatosWebService] [http-nio-8080-exec-10] s.w.s.m.m.a.RequestMappingHandlerMapping : Mapped to com.data.GrupoCuatroS.controller.BigQueryController#getTipoVivienda()
2025-01-15T09:32:34.344-06:00 DEBUG 40510 --- [ConsultaDatosWebService] [http-nio-8080-exec-10] m.m.a.RequestResponseBodyMethodProcessor : Using 'application/json', given [application/json, application/*+json] and supported [application/json, application/*+json]
2025-01-15T09:32:34.348-06:00 DEBUG 40510 --- [ConsultaDatosWebService] [http-nio-8080-exec-10] m.m.a.RequestResponseBodyMethodProcessor : Writing [[com.data.GrupoCuatroS.entity.CatalogResultEntity@53016d06, com.data.GrupoCuatroS.entity.CatalogResu (truncated)...]
2025-01-15T09:32:34.350-06:00 DEBUG 40510 --- [ConsultaDatosWebService] [http-nio-8080-exec-10] o.s.web.servlet.DispatcherServlet        : Completed 200 OK
2025-01-15T09:32:34.355-06:00 DEBUG 40510 --- [ConsultaDatosWebService] [http-nio-8080-exec-1] o.s.web.servlet.DispatcherServlet        : GET "/api/getZona", parameters={}
2025-01-15T09:32:34.356-06:00 DEBUG 40510 --- [ConsultaDatosWebService] [http-nio-8080-exec-1] s.w.s.m.m.a.RequestMappingHandlerMapping : Mapped to com.data.GrupoCuatroS.controller.BigQueryController#getZona()
2025-01-15T09:32:34.860-06:00 DEBUG 40510 --- [ConsultaDatosWebService] [http-nio-8080-exec-1] m.m.a.RequestResponseBodyMethodProcessor : Using 'application/json', given [application/json, application/*+json] and supported [application/json, application/*+json]
2025-01-15T09:32:34.861-06:00 DEBUG 40510 --- [ConsultaDatosWebService] [http-nio-8080-exec-1] m.m.a.RequestResponseBodyMethodProcessor : Writing [[com.data.GrupoCuatroS.entity.CatalogResultEntity@6d2009a7, com.data.GrupoCuatroS.entity.CatalogResu (truncated)...]
2025-01-15T09:32:34.863-06:00 DEBUG 40510 --- [ConsultaDatosWebService] [http-nio-8080-exec-1] o.s.web.servlet.DispatcherServlet        : Completed 200 OK
2025-01-15T09:32:34.881-06:00 DEBUG 40510 --- [ConsultaDatosWebService] [http-nio-8080-exec-3] o.s.web.servlet.DispatcherServlet        : GET "/api/getSegmento", parameters={}
2025-01-15T09:32:34.881-06:00 DEBUG 40510 --- [ConsultaDatosWebService] [http-nio-8080-exec-3] s.w.s.m.m.a.RequestMappingHandlerMapping : Mapped to com.data.GrupoCuatroS.controller.BigQueryController#getSegmento()
2025-01-15T09:32:35.349-06:00 DEBUG 40510 --- [ConsultaDatosWebService] [http-nio-8080-exec-3] m.m.a.RequestResponseBodyMethodProcessor : Using 'application/json', given [application/json, application/*+json] and supported [application/json, application/*+json]
2025-01-15T09:32:35.350-06:00 DEBUG 40510 --- [ConsultaDatosWebService] [http-nio-8080-exec-3] m.m.a.RequestResponseBodyMethodProcessor : Writing [[com.data.GrupoCuatroS.entity.CatalogResultEntity@6524c8f8, com.data.GrupoCuatroS.entity.CatalogResu (truncated)...]
2025-01-15T09:32:35.355-06:00 DEBUG 40510 --- [ConsultaDatosWebService] [http-nio-8080-exec-3] o.s.web.servlet.DispatcherServlet        : Completed 200 OK
2025-01-15T09:32:41.017-06:00 DEBUG 40510 --- [ConsultaDatosWebService] [http-nio-8080-exec-2] o.s.web.servlet.DispatcherServlet        : GET "/api/consultar?estado=&tipo=&zona=&segmento=&precioFichaIni=&precioFichaFin=&preciom2Ini=&preciom2Fin=&fechaIni=2024-09&fechaFin=2025-01", parameters={masked}
2025-01-15T09:32:41.022-06:00 DEBUG 40510 --- [ConsultaDatosWebService] [http-nio-8080-exec-2] s.w.s.m.m.a.RequestMappingHandlerMapping : Mapped to com.data.GrupoCuatroS.controller.BigQueryController#consultar(String, String, String, String, String, String, String, String, String, String)
2025-01-15T09:33:17.270-06:00 DEBUG 40510 --- [ConsultaDatosWebService] [http-nio-8080-exec-2] m.m.a.RequestResponseBodyMethodProcessor : Using 'application/json', given [application/json, application/*+json] and supported [application/json, application/*+json]
2025-01-15T09:33:17.305-06:00 DEBUG 40510 --- [ConsultaDatosWebService] [http-nio-8080-exec-2] m.m.a.RequestResponseBodyMethodProcessor : Writing [[com.data.GrupoCuatroS.entity.BigQueryResulteEntity@6c1b7182, com.data.GrupoCuatroS.entity.BigQueryR (truncated)...]
2025-01-15T09:33:19.390-06:00 DEBUG 40510 --- [ConsultaDatosWebService] [http-nio-8080-exec-2] o.s.web.servlet.DispatcherServlet        : Completed 200 OK
2025-01-15T09:36:02.283-06:00 DEBUG 40510 --- [ConsultaDatosWebService] [http-nio-8080-exec-5] o.s.web.servlet.DispatcherServlet        : GET "/api/consultar?estado=&tipo=&zona=&segmento=&precioFichaIni=&precioFichaFin=&preciom2Ini=&preciom2Fin=&fechaIni=2024-10&fechaFin=2025-01", parameters={masked}
2025-01-15T09:36:02.290-06:00 DEBUG 40510 --- [ConsultaDatosWebService] [http-nio-8080-exec-5] s.w.s.m.m.a.RequestMappingHandlerMapping : Mapped to com.data.GrupoCuatroS.controller.BigQueryController#consultar(String, String, String, String, String, String, String, String, String, String)
2025-01-15T09:36:03.030-06:00 DEBUG 40510 --- [ConsultaDatosWebService] [http-nio-8080-exec-5] m.m.a.RequestResponseBodyMethodProcessor : Using 'application/json', given [application/json, application/*+json] and supported [application/json, application/*+json]
2025-01-15T09:36:03.030-06:00 DEBUG 40510 --- [ConsultaDatosWebService] [http-nio-8080-exec-5] m.m.a.RequestResponseBodyMethodProcessor : Writing [[]]
2025-01-15T09:36:03.041-06:00 DEBUG 40510 --- [ConsultaDatosWebService] [http-nio-8080-exec-5] o.s.web.servlet.DispatcherServlet        : Completed 200 OK
2025-01-15T09:36:03.049-06:00 DEBUG 40510 --- [ConsultaDatosWebService] [http-nio-8080-exec-6] o.s.web.servlet.DispatcherServlet        : GET "/api/getEstados", parameters={}
2025-01-15T09:36:03.050-06:00 DEBUG 40510 --- [ConsultaDatosWebService] [http-nio-8080-exec-6] s.w.s.m.m.a.RequestMappingHandlerMapping : Mapped to com.data.GrupoCuatroS.controller.BigQueryController#getEstados()
2025-01-15T09:36:03.639-06:00 DEBUG 40510 --- [ConsultaDatosWebService] [http-nio-8080-exec-6] m.m.a.RequestResponseBodyMethodProcessor : Using 'application/json', given [application/json, application/*+json] and supported [application/json, application/*+json]
2025-01-15T09:36:03.640-06:00 DEBUG 40510 --- [ConsultaDatosWebService] [http-nio-8080-exec-6] m.m.a.RequestResponseBodyMethodProcessor : Writing [[com.data.GrupoCuatroS.entity.CatalogResultEntity@9cc9296, com.data.GrupoCuatroS.entity.CatalogResul (truncated)...]
2025-01-15T09:36:03.641-06:00 DEBUG 40510 --- [ConsultaDatosWebService] [http-nio-8080-exec-6] o.s.web.servlet.DispatcherServlet        : Completed 200 OK
2025-01-15T09:36:03.646-06:00 DEBUG 40510 --- [ConsultaDatosWebService] [http-nio-8080-exec-7] o.s.web.servlet.DispatcherServlet        : GET "/api/getTipo", parameters={}
2025-01-15T09:36:03.646-06:00 DEBUG 40510 --- [ConsultaDatosWebService] [http-nio-8080-exec-7] s.w.s.m.m.a.RequestMappingHandlerMapping : Mapped to com.data.GrupoCuatroS.controller.BigQueryController#getTipoVivienda()
2025-01-15T09:36:04.143-06:00 DEBUG 40510 --- [ConsultaDatosWebService] [http-nio-8080-exec-7] m.m.a.RequestResponseBodyMethodProcessor : Using 'application/json', given [application/json, application/*+json] and supported [application/json, application/*+json]
2025-01-15T09:36:04.144-06:00 DEBUG 40510 --- [ConsultaDatosWebService] [http-nio-8080-exec-7] m.m.a.RequestResponseBodyMethodProcessor : Writing [[com.data.GrupoCuatroS.entity.CatalogResultEntity@10050886, com.data.GrupoCuatroS.entity.CatalogResu (truncated)...]
2025-01-15T09:36:04.145-06:00 DEBUG 40510 --- [ConsultaDatosWebService] [http-nio-8080-exec-7] o.s.web.servlet.DispatcherServlet        : Completed 200 OK
2025-01-15T09:36:04.148-06:00 DEBUG 40510 --- [ConsultaDatosWebService] [http-nio-8080-exec-8] o.s.web.servlet.DispatcherServlet        : GET "/api/getZona", parameters={}
2025-01-15T09:36:04.149-06:00 DEBUG 40510 --- [ConsultaDatosWebService] [http-nio-8080-exec-8] s.w.s.m.m.a.RequestMappingHandlerMapping : Mapped to com.data.GrupoCuatroS.controller.BigQueryController#getZona()
2025-01-15T09:36:04.674-06:00 DEBUG 40510 --- [ConsultaDatosWebService] [http-nio-8080-exec-8] m.m.a.RequestResponseBodyMethodProcessor : Using 'application/json', given [application/json, application/*+json] and supported [application/json, application/*+json]
2025-01-15T09:36:04.676-06:00 DEBUG 40510 --- [ConsultaDatosWebService] [http-nio-8080-exec-8] m.m.a.RequestResponseBodyMethodProcessor : Writing [[com.data.GrupoCuatroS.entity.CatalogResultEntity@5de628f3, com.data.GrupoCuatroS.entity.CatalogResu (truncated)...]
2025-01-15T09:36:04.680-06:00 DEBUG 40510 --- [ConsultaDatosWebService] [http-nio-8080-exec-8] o.s.web.servlet.DispatcherServlet        : Completed 200 OK
2025-01-15T09:36:04.685-06:00 DEBUG 40510 --- [ConsultaDatosWebService] [http-nio-8080-exec-9] o.s.web.servlet.DispatcherServlet        : GET "/api/getSegmento", parameters={}
2025-01-15T09:36:04.685-06:00 DEBUG 40510 --- [ConsultaDatosWebService] [http-nio-8080-exec-9] s.w.s.m.m.a.RequestMappingHandlerMapping : Mapped to com.data.GrupoCuatroS.controller.BigQueryController#getSegmento()
2025-01-15T09:36:05.167-06:00 DEBUG 40510 --- [ConsultaDatosWebService] [http-nio-8080-exec-9] m.m.a.RequestResponseBodyMethodProcessor : Using 'application/json', given [application/json, application/*+json] and supported [application/json, application/*+json]
2025-01-15T09:36:05.168-06:00 DEBUG 40510 --- [ConsultaDatosWebService] [http-nio-8080-exec-9] m.m.a.RequestResponseBodyMethodProcessor : Writing [[com.data.GrupoCuatroS.entity.CatalogResultEntity@711ffd10, com.data.GrupoCuatroS.entity.CatalogResu (truncated)...]
2025-01-15T09:36:05.173-06:00 DEBUG 40510 --- [ConsultaDatosWebService] [http-nio-8080-exec-9] o.s.web.servlet.DispatcherServlet        : Completed 200 OK
2025-01-15T09:36:15.982-06:00 DEBUG 40510 --- [ConsultaDatosWebService] [http-nio-8080-exec-10] o.s.web.servlet.DispatcherServlet        : GET "/api/consultar?estado=Jalisco&tipo=&zona=&segmento=&precioFichaIni=&precioFichaFin=&preciom2Ini=&preciom2Fin=&fechaIni=2024-09&fechaFin=2025-01", parameters={masked}
2025-01-15T09:36:15.983-06:00 DEBUG 40510 --- [ConsultaDatosWebService] [http-nio-8080-exec-10] s.w.s.m.m.a.RequestMappingHandlerMapping : Mapped to com.data.GrupoCuatroS.controller.BigQueryController#consultar(String, String, String, String, String, String, String, String, String, String)
2025-01-15T09:36:25.935-06:00 DEBUG 40510 --- [ConsultaDatosWebService] [http-nio-8080-exec-10] m.m.a.RequestResponseBodyMethodProcessor : Using 'application/json', given [application/json, application/*+json] and supported [application/json, application/*+json]
2025-01-15T09:36:25.984-06:00 DEBUG 40510 --- [ConsultaDatosWebService] [http-nio-8080-exec-10] m.m.a.RequestResponseBodyMethodProcessor : Writing [[com.data.GrupoCuatroS.entity.BigQueryResulteEntity@1e42c26d, com.data.GrupoCuatroS.entity.BigQueryR (truncated)...]
2025-01-15T09:36:26.179-06:00 DEBUG 40510 --- [ConsultaDatosWebService] [http-nio-8080-exec-10] o.s.web.servlet.DispatcherServlet        : Completed 200 OK
2025-01-15T09:37:06.642-06:00 DEBUG 40510 --- [ConsultaDatosWebService] [http-nio-8080-exec-1] o.s.web.servlet.DispatcherServlet        : GET "/api/consultar?estado=&tipo=&zona=&segmento=&precioFichaIni=&precioFichaFin=&preciom2Ini=&preciom2Fin=&fechaIni=2024-10&fechaFin=2025-01", parameters={masked}
2025-01-15T09:37:06.650-06:00 DEBUG 40510 --- [ConsultaDatosWebService] [http-nio-8080-exec-1] s.w.s.m.m.a.RequestMappingHandlerMapping : Mapped to com.data.GrupoCuatroS.controller.BigQueryController#consultar(String, String, String, String, String, String, String, String, String, String)
2025-01-15T09:37:07.325-06:00 DEBUG 40510 --- [ConsultaDatosWebService] [http-nio-8080-exec-1] m.m.a.RequestResponseBodyMethodProcessor : Using 'application/json', given [application/json, application/*+json] and supported [application/json, application/*+json]
2025-01-15T09:37:07.326-06:00 DEBUG 40510 --- [ConsultaDatosWebService] [http-nio-8080-exec-1] m.m.a.RequestResponseBodyMethodProcessor : Writing [[]]
2025-01-15T09:37:07.327-06:00 DEBUG 40510 --- [ConsultaDatosWebService] [http-nio-8080-exec-1] o.s.web.servlet.DispatcherServlet        : Completed 200 OK
2025-01-15T09:37:07.334-06:00 DEBUG 40510 --- [ConsultaDatosWebService] [http-nio-8080-exec-3] o.s.web.servlet.DispatcherServlet        : GET "/api/getEstados", parameters={}
2025-01-15T09:37:07.334-06:00 DEBUG 40510 --- [ConsultaDatosWebService] [http-nio-8080-exec-3] s.w.s.m.m.a.RequestMappingHandlerMapping : Mapped to com.data.GrupoCuatroS.controller.BigQueryController#getEstados()
2025-01-15T09:37:07.843-06:00 DEBUG 40510 --- [ConsultaDatosWebService] [http-nio-8080-exec-3] m.m.a.RequestResponseBodyMethodProcessor : Using 'application/json', given [application/json, application/*+json] and supported [application/json, application/*+json]
2025-01-15T09:37:07.844-06:00 DEBUG 40510 --- [ConsultaDatosWebService] [http-nio-8080-exec-3] m.m.a.RequestResponseBodyMethodProcessor : Writing [[com.data.GrupoCuatroS.entity.CatalogResultEntity@312674b9, com.data.GrupoCuatroS.entity.CatalogResu (truncated)...]
2025-01-15T09:37:07.846-06:00 DEBUG 40510 --- [ConsultaDatosWebService] [http-nio-8080-exec-3] o.s.web.servlet.DispatcherServlet        : Completed 200 OK
2025-01-15T09:37:07.849-06:00 DEBUG 40510 --- [ConsultaDatosWebService] [http-nio-8080-exec-2] o.s.web.servlet.DispatcherServlet        : GET "/api/getTipo", parameters={}
2025-01-15T09:37:07.850-06:00 DEBUG 40510 --- [ConsultaDatosWebService] [http-nio-8080-exec-2] s.w.s.m.m.a.RequestMappingHandlerMapping : Mapped to com.data.GrupoCuatroS.controller.BigQueryController#getTipoVivienda()
2025-01-15T09:37:08.245-06:00 DEBUG 40510 --- [ConsultaDatosWebService] [http-nio-8080-exec-2] m.m.a.RequestResponseBodyMethodProcessor : Using 'application/json', given [application/json, application/*+json] and supported [application/json, application/*+json]
2025-01-15T09:37:08.246-06:00 DEBUG 40510 --- [ConsultaDatosWebService] [http-nio-8080-exec-2] m.m.a.RequestResponseBodyMethodProcessor : Writing [[com.data.GrupoCuatroS.entity.CatalogResultEntity@48302912, com.data.GrupoCuatroS.entity.CatalogResu (truncated)...]
2025-01-15T09:37:08.248-06:00 DEBUG 40510 --- [ConsultaDatosWebService] [http-nio-8080-exec-2] o.s.web.servlet.DispatcherServlet        : Completed 200 OK
2025-01-15T09:37:08.252-06:00 DEBUG 40510 --- [ConsultaDatosWebService] [http-nio-8080-exec-4] o.s.web.servlet.DispatcherServlet        : GET "/api/getZona", parameters={}
2025-01-15T09:37:08.252-06:00 DEBUG 40510 --- [ConsultaDatosWebService] [http-nio-8080-exec-4] s.w.s.m.m.a.RequestMappingHandlerMapping : Mapped to com.data.GrupoCuatroS.controller.BigQueryController#getZona()
2025-01-15T09:37:08.674-06:00 DEBUG 40510 --- [ConsultaDatosWebService] [http-nio-8080-exec-4] m.m.a.RequestResponseBodyMethodProcessor : Using 'application/json', given [application/json, application/*+json] and supported [application/json, application/*+json]
2025-01-15T09:37:08.674-06:00 DEBUG 40510 --- [ConsultaDatosWebService] [http-nio-8080-exec-4] m.m.a.RequestResponseBodyMethodProcessor : Writing [[com.data.GrupoCuatroS.entity.CatalogResultEntity@3246f71f, com.data.GrupoCuatroS.entity.CatalogResu (truncated)...]
2025-01-15T09:37:08.678-06:00 DEBUG 40510 --- [ConsultaDatosWebService] [http-nio-8080-exec-4] o.s.web.servlet.DispatcherServlet        : Completed 200 OK
2025-01-15T09:37:08.682-06:00 DEBUG 40510 --- [ConsultaDatosWebService] [http-nio-8080-exec-5] o.s.web.servlet.DispatcherServlet        : GET "/api/getSegmento", parameters={}
2025-01-15T09:37:08.683-06:00 DEBUG 40510 --- [ConsultaDatosWebService] [http-nio-8080-exec-5] s.w.s.m.m.a.RequestMappingHandlerMapping : Mapped to com.data.GrupoCuatroS.controller.BigQueryController#getSegmento()
2025-01-15T09:37:09.064-06:00 DEBUG 40510 --- [ConsultaDatosWebService] [http-nio-8080-exec-5] m.m.a.RequestResponseBodyMethodProcessor : Using 'application/json', given [application/json, application/*+json] and supported [application/json, application/*+json]
2025-01-15T09:37:09.064-06:00 DEBUG 40510 --- [ConsultaDatosWebService] [http-nio-8080-exec-5] m.m.a.RequestResponseBodyMethodProcessor : Writing [[com.data.GrupoCuatroS.entity.CatalogResultEntity@68a72213, com.data.GrupoCuatroS.entity.CatalogResu (truncated)...]
2025-01-15T09:37:09.067-06:00 DEBUG 40510 --- [ConsultaDatosWebService] [http-nio-8080-exec-5] o.s.web.servlet.DispatcherServlet        : Completed 200 OK
2025-01-15T09:37:17.767-06:00 DEBUG 40510 --- [ConsultaDatosWebService] [http-nio-8080-exec-6] o.s.web.servlet.DispatcherServlet        : GET "/api/consultar?estado=Jalisco&tipo=&zona=&segmento=&precioFichaIni=&precioFichaFin=&preciom2Ini=&preciom2Fin=&fechaIni=2024-09&fechaFin=2025-01", parameters={masked}
2025-01-15T09:37:17.769-06:00 DEBUG 40510 --- [ConsultaDatosWebService] [http-nio-8080-exec-6] s.w.s.m.m.a.RequestMappingHandlerMapping : Mapped to com.data.GrupoCuatroS.controller.BigQueryController#consultar(String, String, String, String, String, String, String, String, String, String)
2025-01-15T09:37:25.352-06:00 DEBUG 40510 --- [ConsultaDatosWebService] [http-nio-8080-exec-6] m.m.a.RequestResponseBodyMethodProcessor : Using 'application/json', given [application/json, application/*+json] and supported [application/json, application/*+json]
2025-01-15T09:37:25.355-06:00 DEBUG 40510 --- [ConsultaDatosWebService] [http-nio-8080-exec-6] m.m.a.RequestResponseBodyMethodProcessor : Writing [[com.data.GrupoCuatroS.entity.BigQueryResulteEntity@6d5dc287, com.data.GrupoCuatroS.entity.BigQueryR (truncated)...]
2025-01-15T09:37:25.533-06:00 DEBUG 40510 --- [ConsultaDatosWebService] [http-nio-8080-exec-6] o.s.web.servlet.DispatcherServlet        : Completed 200 OK
2025-01-15T09:45:03.603-06:00 DEBUG 40510 --- [ConsultaDatosWebService] [http-nio-8080-exec-8] o.s.web.servlet.DispatcherServlet        : GET "/api/consultar?estado=&tipo=&zona=&segmento=&precioFichaIni=&precioFichaFin=&preciom2Ini=&preciom2Fin=&fechaIni=2024-10&fechaFin=2025-01", parameters={masked}
2025-01-15T09:45:03.610-06:00 DEBUG 40510 --- [ConsultaDatosWebService] [http-nio-8080-exec-8] s.w.s.m.m.a.RequestMappingHandlerMapping : Mapped to com.data.GrupoCuatroS.controller.BigQueryController#consultar(String, String, String, String, String, String, String, String, String, String)
2025-01-15T09:45:04.253-06:00 DEBUG 40510 --- [ConsultaDatosWebService] [http-nio-8080-exec-8] m.m.a.RequestResponseBodyMethodProcessor : Using 'application/json', given [application/json, application/*+json] and supported [application/json, application/*+json]
2025-01-15T09:45:04.254-06:00 DEBUG 40510 --- [ConsultaDatosWebService] [http-nio-8080-exec-8] m.m.a.RequestResponseBodyMethodProcessor : Writing [[]]
2025-01-15T09:45:04.261-06:00 DEBUG 40510 --- [ConsultaDatosWebService] [http-nio-8080-exec-8] o.s.web.servlet.DispatcherServlet        : Completed 200 OK
2025-01-15T09:45:04.267-06:00 DEBUG 40510 --- [ConsultaDatosWebService] [http-nio-8080-exec-9] o.s.web.servlet.DispatcherServlet        : GET "/api/getEstados", parameters={}
2025-01-15T09:45:04.268-06:00 DEBUG 40510 --- [ConsultaDatosWebService] [http-nio-8080-exec-9] s.w.s.m.m.a.RequestMappingHandlerMapping : Mapped to com.data.GrupoCuatroS.controller.BigQueryController#getEstados()
2025-01-15T09:45:04.653-06:00 DEBUG 40510 --- [ConsultaDatosWebService] [http-nio-8080-exec-9] m.m.a.RequestResponseBodyMethodProcessor : Using 'application/json', given [application/json, application/*+json] and supported [application/json, application/*+json]
2025-01-15T09:45:04.654-06:00 DEBUG 40510 --- [ConsultaDatosWebService] [http-nio-8080-exec-9] m.m.a.RequestResponseBodyMethodProcessor : Writing [[com.data.GrupoCuatroS.entity.CatalogResultEntity@4c92ab80, com.data.GrupoCuatroS.entity.CatalogResu (truncated)...]
2025-01-15T09:45:04.656-06:00 DEBUG 40510 --- [ConsultaDatosWebService] [http-nio-8080-exec-9] o.s.web.servlet.DispatcherServlet        : Completed 200 OK
2025-01-15T09:45:04.659-06:00 DEBUG 40510 --- [ConsultaDatosWebService] [http-nio-8080-exec-10] o.s.web.servlet.DispatcherServlet        : GET "/api/getTipo", parameters={}
2025-01-15T09:45:04.659-06:00 DEBUG 40510 --- [ConsultaDatosWebService] [http-nio-8080-exec-10] s.w.s.m.m.a.RequestMappingHandlerMapping : Mapped to com.data.GrupoCuatroS.controller.BigQueryController#getTipoVivienda()
2025-01-15T09:45:04.992-06:00 DEBUG 40510 --- [ConsultaDatosWebService] [http-nio-8080-exec-10] m.m.a.RequestResponseBodyMethodProcessor : Using 'application/json', given [application/json, application/*+json] and supported [application/json, application/*+json]
2025-01-15T09:45:04.995-06:00 DEBUG 40510 --- [ConsultaDatosWebService] [http-nio-8080-exec-10] m.m.a.RequestResponseBodyMethodProcessor : Writing [[com.data.GrupoCuatroS.entity.CatalogResultEntity@67d64fe8, com.data.GrupoCuatroS.entity.CatalogResu (truncated)...]
2025-01-15T09:45:04.996-06:00 DEBUG 40510 --- [ConsultaDatosWebService] [http-nio-8080-exec-10] o.s.web.servlet.DispatcherServlet        : Completed 200 OK
2025-01-15T09:45:05.004-06:00 DEBUG 40510 --- [ConsultaDatosWebService] [http-nio-8080-exec-1] o.s.web.servlet.DispatcherServlet        : GET "/api/getZona", parameters={}
2025-01-15T09:45:05.004-06:00 DEBUG 40510 --- [ConsultaDatosWebService] [http-nio-8080-exec-1] s.w.s.m.m.a.RequestMappingHandlerMapping : Mapped to com.data.GrupoCuatroS.controller.BigQueryController#getZona()
2025-01-15T09:45:05.415-06:00 DEBUG 40510 --- [ConsultaDatosWebService] [http-nio-8080-exec-1] m.m.a.RequestResponseBodyMethodProcessor : Using 'application/json', given [application/json, application/*+json] and supported [application/json, application/*+json]
2025-01-15T09:45:05.416-06:00 DEBUG 40510 --- [ConsultaDatosWebService] [http-nio-8080-exec-1] m.m.a.RequestResponseBodyMethodProcessor : Writing [[com.data.GrupoCuatroS.entity.CatalogResultEntity@377aee1d, com.data.GrupoCuatroS.entity.CatalogResu (truncated)...]
2025-01-15T09:45:05.417-06:00 DEBUG 40510 --- [ConsultaDatosWebService] [http-nio-8080-exec-1] o.s.web.servlet.DispatcherServlet        : Completed 200 OK
2025-01-15T09:45:05.421-06:00 DEBUG 40510 --- [ConsultaDatosWebService] [http-nio-8080-exec-3] o.s.web.servlet.DispatcherServlet        : GET "/api/getSegmento", parameters={}
2025-01-15T09:45:05.421-06:00 DEBUG 40510 --- [ConsultaDatosWebService] [http-nio-8080-exec-3] s.w.s.m.m.a.RequestMappingHandlerMapping : Mapped to com.data.GrupoCuatroS.controller.BigQueryController#getSegmento()
2025-01-15T09:45:06.518-06:00 DEBUG 40510 --- [ConsultaDatosWebService] [http-nio-8080-exec-3] m.m.a.RequestResponseBodyMethodProcessor : Using 'application/json', given [application/json, application/*+json] and supported [application/json, application/*+json]
2025-01-15T09:45:06.518-06:00 DEBUG 40510 --- [ConsultaDatosWebService] [http-nio-8080-exec-3] m.m.a.RequestResponseBodyMethodProcessor : Writing [[com.data.GrupoCuatroS.entity.CatalogResultEntity@76300350, com.data.GrupoCuatroS.entity.CatalogResu (truncated)...]
2025-01-15T09:45:06.520-06:00 DEBUG 40510 --- [ConsultaDatosWebService] [http-nio-8080-exec-3] o.s.web.servlet.DispatcherServlet        : Completed 200 OK
2025-01-15T09:45:16.852-06:00 DEBUG 40510 --- [ConsultaDatosWebService] [http-nio-8080-exec-2] o.s.web.servlet.DispatcherServlet        : GET "/api/consultar?estado=Jalisco&tipo=&zona=&segmento=&precioFichaIni=&precioFichaFin=&preciom2Ini=&preciom2Fin=&fechaIni=2024-09&fechaFin=2025-01", parameters={masked}
2025-01-15T09:45:16.853-06:00 DEBUG 40510 --- [ConsultaDatosWebService] [http-nio-8080-exec-2] s.w.s.m.m.a.RequestMappingHandlerMapping : Mapped to com.data.GrupoCuatroS.controller.BigQueryController#consultar(String, String, String, String, String, String, String, String, String, String)
2025-01-15T09:45:24.527-06:00 DEBUG 40510 --- [ConsultaDatosWebService] [http-nio-8080-exec-2] m.m.a.RequestResponseBodyMethodProcessor : Using 'application/json', given [application/json, application/*+json] and supported [application/json, application/*+json]
2025-01-15T09:45:24.539-06:00 DEBUG 40510 --- [ConsultaDatosWebService] [http-nio-8080-exec-2] m.m.a.RequestResponseBodyMethodProcessor : Writing [[com.data.GrupoCuatroS.entity.BigQueryResulteEntity@16a28784, com.data.GrupoCuatroS.entity.BigQueryR (truncated)...]
2025-01-15T09:45:24.880-06:00 DEBUG 40510 --- [ConsultaDatosWebService] [http-nio-8080-exec-2] o.s.web.servlet.DispatcherServlet        : Completed 200 OK
2025-01-15T09:46:55.111-06:00 DEBUG 40510 --- [ConsultaDatosWebService] [http-nio-8080-exec-5] o.s.web.servlet.DispatcherServlet        : GET "/api/consultar?estado=&tipo=&zona=&segmento=&precioFichaIni=&precioFichaFin=&preciom2Ini=&preciom2Fin=&fechaIni=2024-10&fechaFin=2025-01", parameters={masked}
2025-01-15T09:46:55.118-06:00 DEBUG 40510 --- [ConsultaDatosWebService] [http-nio-8080-exec-5] s.w.s.m.m.a.RequestMappingHandlerMapping : Mapped to com.data.GrupoCuatroS.controller.BigQueryController#consultar(String, String, String, String, String, String, String, String, String, String)
2025-01-15T09:46:55.777-06:00 DEBUG 40510 --- [ConsultaDatosWebService] [http-nio-8080-exec-5] m.m.a.RequestResponseBodyMethodProcessor : Using 'application/json', given [application/json, application/*+json] and supported [application/json, application/*+json]
2025-01-15T09:46:55.778-06:00 DEBUG 40510 --- [ConsultaDatosWebService] [http-nio-8080-exec-5] m.m.a.RequestResponseBodyMethodProcessor : Writing [[]]
2025-01-15T09:46:55.784-06:00 DEBUG 40510 --- [ConsultaDatosWebService] [http-nio-8080-exec-5] o.s.web.servlet.DispatcherServlet        : Completed 200 OK
2025-01-15T09:46:55.796-06:00 DEBUG 40510 --- [ConsultaDatosWebService] [http-nio-8080-exec-6] o.s.web.servlet.DispatcherServlet        : GET "/api/getEstados", parameters={}
2025-01-15T09:46:55.797-06:00 DEBUG 40510 --- [ConsultaDatosWebService] [http-nio-8080-exec-6] s.w.s.m.m.a.RequestMappingHandlerMapping : Mapped to com.data.GrupoCuatroS.controller.BigQueryController#getEstados()
2025-01-15T09:46:56.184-06:00 DEBUG 40510 --- [ConsultaDatosWebService] [http-nio-8080-exec-6] m.m.a.RequestResponseBodyMethodProcessor : Using 'application/json', given [application/json, application/*+json] and supported [application/json, application/*+json]
2025-01-15T09:46:56.184-06:00 DEBUG 40510 --- [ConsultaDatosWebService] [http-nio-8080-exec-6] m.m.a.RequestResponseBodyMethodProcessor : Writing [[com.data.GrupoCuatroS.entity.CatalogResultEntity@2c61b28, com.data.GrupoCuatroS.entity.CatalogResul (truncated)...]
2025-01-15T09:46:56.189-06:00 DEBUG 40510 --- [ConsultaDatosWebService] [http-nio-8080-exec-6] o.s.web.servlet.DispatcherServlet        : Completed 200 OK
2025-01-15T09:46:56.195-06:00 DEBUG 40510 --- [ConsultaDatosWebService] [http-nio-8080-exec-7] o.s.web.servlet.DispatcherServlet        : GET "/api/getTipo", parameters={}
2025-01-15T09:46:56.196-06:00 DEBUG 40510 --- [ConsultaDatosWebService] [http-nio-8080-exec-7] s.w.s.m.m.a.RequestMappingHandlerMapping : Mapped to com.data.GrupoCuatroS.controller.BigQueryController#getTipoVivienda()
2025-01-15T09:46:56.585-06:00 DEBUG 40510 --- [ConsultaDatosWebService] [http-nio-8080-exec-7] m.m.a.RequestResponseBodyMethodProcessor : Using 'application/json', given [application/json, application/*+json] and supported [application/json, application/*+json]
2025-01-15T09:46:56.586-06:00 DEBUG 40510 --- [ConsultaDatosWebService] [http-nio-8080-exec-7] m.m.a.RequestResponseBodyMethodProcessor : Writing [[com.data.GrupoCuatroS.entity.CatalogResultEntity@52fd37d9, com.data.GrupoCuatroS.entity.CatalogResu (truncated)...]
2025-01-15T09:46:56.587-06:00 DEBUG 40510 --- [ConsultaDatosWebService] [http-nio-8080-exec-7] o.s.web.servlet.DispatcherServlet        : Completed 200 OK
2025-01-15T09:46:56.593-06:00 DEBUG 40510 --- [ConsultaDatosWebService] [http-nio-8080-exec-8] o.s.web.servlet.DispatcherServlet        : GET "/api/getZona", parameters={}
2025-01-15T09:46:56.593-06:00 DEBUG 40510 --- [ConsultaDatosWebService] [http-nio-8080-exec-8] s.w.s.m.m.a.RequestMappingHandlerMapping : Mapped to com.data.GrupoCuatroS.controller.BigQueryController#getZona()
2025-01-15T09:46:56.982-06:00 DEBUG 40510 --- [ConsultaDatosWebService] [http-nio-8080-exec-8] m.m.a.RequestResponseBodyMethodProcessor : Using 'application/json', given [application/json, application/*+json] and supported [application/json, application/*+json]
2025-01-15T09:46:56.983-06:00 DEBUG 40510 --- [ConsultaDatosWebService] [http-nio-8080-exec-8] m.m.a.RequestResponseBodyMethodProcessor : Writing [[com.data.GrupoCuatroS.entity.CatalogResultEntity@6abaf533, com.data.GrupoCuatroS.entity.CatalogResu (truncated)...]
2025-01-15T09:46:56.984-06:00 DEBUG 40510 --- [ConsultaDatosWebService] [http-nio-8080-exec-8] o.s.web.servlet.DispatcherServlet        : Completed 200 OK
2025-01-15T09:46:56.987-06:00 DEBUG 40510 --- [ConsultaDatosWebService] [http-nio-8080-exec-9] o.s.web.servlet.DispatcherServlet        : GET "/api/getSegmento", parameters={}
2025-01-15T09:46:56.987-06:00 DEBUG 40510 --- [ConsultaDatosWebService] [http-nio-8080-exec-9] s.w.s.m.m.a.RequestMappingHandlerMapping : Mapped to com.data.GrupoCuatroS.controller.BigQueryController#getSegmento()
2025-01-15T09:46:57.393-06:00 DEBUG 40510 --- [ConsultaDatosWebService] [http-nio-8080-exec-9] m.m.a.RequestResponseBodyMethodProcessor : Using 'application/json', given [application/json, application/*+json] and supported [application/json, application/*+json]
2025-01-15T09:46:57.394-06:00 DEBUG 40510 --- [ConsultaDatosWebService] [http-nio-8080-exec-9] m.m.a.RequestResponseBodyMethodProcessor : Writing [[com.data.GrupoCuatroS.entity.CatalogResultEntity@f93fdbb, com.data.GrupoCuatroS.entity.CatalogResul (truncated)...]
2025-01-15T09:46:57.395-06:00 DEBUG 40510 --- [ConsultaDatosWebService] [http-nio-8080-exec-9] o.s.web.servlet.DispatcherServlet        : Completed 200 OK
2025-01-15T09:47:06.842-06:00 DEBUG 40510 --- [ConsultaDatosWebService] [http-nio-8080-exec-10] o.s.web.servlet.DispatcherServlet        : GET "/api/consultar?estado=Jalisco&tipo=&zona=&segmento=&precioFichaIni=&precioFichaFin=&preciom2Ini=&preciom2Fin=&fechaIni=2024-09&fechaFin=2025-01", parameters={masked}
2025-01-15T09:47:06.844-06:00 DEBUG 40510 --- [ConsultaDatosWebService] [http-nio-8080-exec-10] s.w.s.m.m.a.RequestMappingHandlerMapping : Mapped to com.data.GrupoCuatroS.controller.BigQueryController#consultar(String, String, String, String, String, String, String, String, String, String)
2025-01-15T09:47:13.488-06:00 DEBUG 40510 --- [ConsultaDatosWebService] [http-nio-8080-exec-10] m.m.a.RequestResponseBodyMethodProcessor : Using 'application/json', given [application/json, application/*+json] and supported [application/json, application/*+json]
2025-01-15T09:47:13.493-06:00 DEBUG 40510 --- [ConsultaDatosWebService] [http-nio-8080-exec-10] m.m.a.RequestResponseBodyMethodProcessor : Writing [[com.data.GrupoCuatroS.entity.BigQueryResulteEntity@2911c79, com.data.GrupoCuatroS.entity.BigQueryRe (truncated)...]
2025-01-15T09:47:13.661-06:00 DEBUG 40510 --- [ConsultaDatosWebService] [http-nio-8080-exec-10] o.s.web.servlet.DispatcherServlet        : Completed 200 OK
2025-01-15T09:47:44.016-06:00 DEBUG 40510 --- [ConsultaDatosWebService] [http-nio-8080-exec-1] o.s.web.servlet.DispatcherServlet        : GET "/api/consultar?estado=&tipo=&zona=&segmento=&precioFichaIni=&precioFichaFin=&preciom2Ini=&preciom2Fin=&fechaIni=2024-10&fechaFin=2025-01", parameters={masked}
2025-01-15T09:47:44.017-06:00 DEBUG 40510 --- [ConsultaDatosWebService] [http-nio-8080-exec-1] s.w.s.m.m.a.RequestMappingHandlerMapping : Mapped to com.data.GrupoCuatroS.controller.BigQueryController#consultar(String, String, String, String, String, String, String, String, String, String)
2025-01-15T09:47:44.573-06:00 DEBUG 40510 --- [ConsultaDatosWebService] [http-nio-8080-exec-1] m.m.a.RequestResponseBodyMethodProcessor : Using 'application/json', given [application/json, application/*+json] and supported [application/json, application/*+json]
2025-01-15T09:47:44.573-06:00 DEBUG 40510 --- [ConsultaDatosWebService] [http-nio-8080-exec-1] m.m.a.RequestResponseBodyMethodProcessor : Writing [[]]
2025-01-15T09:47:44.575-06:00 DEBUG 40510 --- [ConsultaDatosWebService] [http-nio-8080-exec-1] o.s.web.servlet.DispatcherServlet        : Completed 200 OK
2025-01-15T09:47:44.580-06:00 DEBUG 40510 --- [ConsultaDatosWebService] [http-nio-8080-exec-3] o.s.web.servlet.DispatcherServlet        : GET "/api/getEstados", parameters={}
2025-01-15T09:47:44.581-06:00 DEBUG 40510 --- [ConsultaDatosWebService] [http-nio-8080-exec-3] s.w.s.m.m.a.RequestMappingHandlerMapping : Mapped to com.data.GrupoCuatroS.controller.BigQueryController#getEstados()
2025-01-15T09:47:44.915-06:00 DEBUG 40510 --- [ConsultaDatosWebService] [http-nio-8080-exec-3] m.m.a.RequestResponseBodyMethodProcessor : Using 'application/json', given [application/json, application/*+json] and supported [application/json, application/*+json]
2025-01-15T09:47:44.915-06:00 DEBUG 40510 --- [ConsultaDatosWebService] [http-nio-8080-exec-3] m.m.a.RequestResponseBodyMethodProcessor : Writing [[com.data.GrupoCuatroS.entity.CatalogResultEntity@6249d140, com.data.GrupoCuatroS.entity.CatalogResu (truncated)...]
2025-01-15T09:47:44.916-06:00 DEBUG 40510 --- [ConsultaDatosWebService] [http-nio-8080-exec-3] o.s.web.servlet.DispatcherServlet        : Completed 200 OK
2025-01-15T09:47:44.919-06:00 DEBUG 40510 --- [ConsultaDatosWebService] [http-nio-8080-exec-2] o.s.web.servlet.DispatcherServlet        : GET "/api/getTipo", parameters={}
2025-01-15T09:47:44.919-06:00 DEBUG 40510 --- [ConsultaDatosWebService] [http-nio-8080-exec-2] s.w.s.m.m.a.RequestMappingHandlerMapping : Mapped to com.data.GrupoCuatroS.controller.BigQueryController#getTipoVivienda()
2025-01-15T09:47:45.324-06:00 DEBUG 40510 --- [ConsultaDatosWebService] [http-nio-8080-exec-2] m.m.a.RequestResponseBodyMethodProcessor : Using 'application/json', given [application/json, application/*+json] and supported [application/json, application/*+json]
2025-01-15T09:47:45.325-06:00 DEBUG 40510 --- [ConsultaDatosWebService] [http-nio-8080-exec-2] m.m.a.RequestResponseBodyMethodProcessor : Writing [[com.data.GrupoCuatroS.entity.CatalogResultEntity@586466b6, com.data.GrupoCuatroS.entity.CatalogResu (truncated)...]
2025-01-15T09:47:45.327-06:00 DEBUG 40510 --- [ConsultaDatosWebService] [http-nio-8080-exec-2] o.s.web.servlet.DispatcherServlet        : Completed 200 OK
2025-01-15T09:47:45.329-06:00 DEBUG 40510 --- [ConsultaDatosWebService] [http-nio-8080-exec-4] o.s.web.servlet.DispatcherServlet        : GET "/api/getZona", parameters={}
2025-01-15T09:47:45.330-06:00 DEBUG 40510 --- [ConsultaDatosWebService] [http-nio-8080-exec-4] s.w.s.m.m.a.RequestMappingHandlerMapping : Mapped to com.data.GrupoCuatroS.controller.BigQueryController#getZona()
2025-01-15T09:47:45.686-06:00 DEBUG 40510 --- [ConsultaDatosWebService] [http-nio-8080-exec-4] m.m.a.RequestResponseBodyMethodProcessor : Using 'application/json', given [application/json, application/*+json] and supported [application/json, application/*+json]
2025-01-15T09:47:45.686-06:00 DEBUG 40510 --- [ConsultaDatosWebService] [http-nio-8080-exec-4] m.m.a.RequestResponseBodyMethodProcessor : Writing [[com.data.GrupoCuatroS.entity.CatalogResultEntity@5477dc46, com.data.GrupoCuatroS.entity.CatalogResu (truncated)...]
2025-01-15T09:47:45.687-06:00 DEBUG 40510 --- [ConsultaDatosWebService] [http-nio-8080-exec-4] o.s.web.servlet.DispatcherServlet        : Completed 200 OK
2025-01-15T09:47:45.689-06:00 DEBUG 40510 --- [ConsultaDatosWebService] [http-nio-8080-exec-5] o.s.web.servlet.DispatcherServlet        : GET "/api/getSegmento", parameters={}
2025-01-15T09:47:45.690-06:00 DEBUG 40510 --- [ConsultaDatosWebService] [http-nio-8080-exec-5] s.w.s.m.m.a.RequestMappingHandlerMapping : Mapped to com.data.GrupoCuatroS.controller.BigQueryController#getSegmento()
2025-01-15T09:47:46.090-06:00 DEBUG 40510 --- [ConsultaDatosWebService] [http-nio-8080-exec-5] m.m.a.RequestResponseBodyMethodProcessor : Using 'application/json', given [application/json, application/*+json] and supported [application/json, application/*+json]
2025-01-15T09:47:46.091-06:00 DEBUG 40510 --- [ConsultaDatosWebService] [http-nio-8080-exec-5] m.m.a.RequestResponseBodyMethodProcessor : Writing [[com.data.GrupoCuatroS.entity.CatalogResultEntity@595b796c, com.data.GrupoCuatroS.entity.CatalogResu (truncated)...]
2025-01-15T09:47:46.093-06:00 DEBUG 40510 --- [ConsultaDatosWebService] [http-nio-8080-exec-5] o.s.web.servlet.DispatcherServlet        : Completed 200 OK
2025-01-15T09:47:54.965-06:00 DEBUG 40510 --- [ConsultaDatosWebService] [http-nio-8080-exec-6] o.s.web.servlet.DispatcherServlet        : GET "/api/consultar?estado=Jalisco&tipo=&zona=&segmento=&precioFichaIni=&precioFichaFin=&preciom2Ini=&preciom2Fin=&fechaIni=2024-09&fechaFin=2025-01", parameters={masked}
2025-01-15T09:47:54.966-06:00 DEBUG 40510 --- [ConsultaDatosWebService] [http-nio-8080-exec-6] s.w.s.m.m.a.RequestMappingHandlerMapping : Mapped to com.data.GrupoCuatroS.controller.BigQueryController#consultar(String, String, String, String, String, String, String, String, String, String)
2025-01-15T09:48:01.544-06:00 DEBUG 40510 --- [ConsultaDatosWebService] [http-nio-8080-exec-6] m.m.a.RequestResponseBodyMethodProcessor : Using 'application/json', given [application/json, application/*+json] and supported [application/json, application/*+json]
2025-01-15T09:48:01.549-06:00 DEBUG 40510 --- [ConsultaDatosWebService] [http-nio-8080-exec-6] m.m.a.RequestResponseBodyMethodProcessor : Writing [[com.data.GrupoCuatroS.entity.BigQueryResulteEntity@41e219de, com.data.GrupoCuatroS.entity.BigQueryR (truncated)...]
2025-01-15T09:48:01.725-06:00 DEBUG 40510 --- [ConsultaDatosWebService] [http-nio-8080-exec-6] o.s.web.servlet.DispatcherServlet        : Completed 200 OK
2025-01-15T09:48:57.781-06:00 DEBUG 40510 --- [ConsultaDatosWebService] [http-nio-8080-exec-7] o.s.web.servlet.DispatcherServlet        : GET "/api/consultar?estado=&tipo=&zona=&segmento=&precioFichaIni=&precioFichaFin=&preciom2Ini=&preciom2Fin=&fechaIni=2024-10&fechaFin=2025-01", parameters={masked}
2025-01-15T09:48:57.782-06:00 DEBUG 40510 --- [ConsultaDatosWebService] [http-nio-8080-exec-7] s.w.s.m.m.a.RequestMappingHandlerMapping : Mapped to com.data.GrupoCuatroS.controller.BigQueryController#consultar(String, String, String, String, String, String, String, String, String, String)
2025-01-15T09:48:58.357-06:00 DEBUG 40510 --- [ConsultaDatosWebService] [http-nio-8080-exec-7] m.m.a.RequestResponseBodyMethodProcessor : Using 'application/json', given [application/json, application/*+json] and supported [application/json, application/*+json]
2025-01-15T09:48:58.357-06:00 DEBUG 40510 --- [ConsultaDatosWebService] [http-nio-8080-exec-7] m.m.a.RequestResponseBodyMethodProcessor : Writing [[]]
2025-01-15T09:48:58.358-06:00 DEBUG 40510 --- [ConsultaDatosWebService] [http-nio-8080-exec-7] o.s.web.servlet.DispatcherServlet        : Completed 200 OK
2025-01-15T09:48:58.360-06:00 DEBUG 40510 --- [ConsultaDatosWebService] [http-nio-8080-exec-8] o.s.web.servlet.DispatcherServlet        : GET "/api/getEstados", parameters={}
2025-01-15T09:48:58.360-06:00 DEBUG 40510 --- [ConsultaDatosWebService] [http-nio-8080-exec-8] s.w.s.m.m.a.RequestMappingHandlerMapping : Mapped to com.data.GrupoCuatroS.controller.BigQueryController#getEstados()
2025-01-15T09:48:58.751-06:00 DEBUG 40510 --- [ConsultaDatosWebService] [http-nio-8080-exec-8] m.m.a.RequestResponseBodyMethodProcessor : Using 'application/json', given [application/json, application/*+json] and supported [application/json, application/*+json]
2025-01-15T09:48:58.751-06:00 DEBUG 40510 --- [ConsultaDatosWebService] [http-nio-8080-exec-8] m.m.a.RequestResponseBodyMethodProcessor : Writing [[com.data.GrupoCuatroS.entity.CatalogResultEntity@15d245ba, com.data.GrupoCuatroS.entity.CatalogResu (truncated)...]
2025-01-15T09:48:58.752-06:00 DEBUG 40510 --- [ConsultaDatosWebService] [http-nio-8080-exec-8] o.s.web.servlet.DispatcherServlet        : Completed 200 OK
2025-01-15T09:48:58.756-06:00 DEBUG 40510 --- [ConsultaDatosWebService] [http-nio-8080-exec-9] o.s.web.servlet.DispatcherServlet        : GET "/api/getTipo", parameters={}
2025-01-15T09:48:58.757-06:00 DEBUG 40510 --- [ConsultaDatosWebService] [http-nio-8080-exec-9] s.w.s.m.m.a.RequestMappingHandlerMapping : Mapped to com.data.GrupoCuatroS.controller.BigQueryController#getTipoVivienda()
2025-01-15T09:48:59.156-06:00 DEBUG 40510 --- [ConsultaDatosWebService] [http-nio-8080-exec-9] m.m.a.RequestResponseBodyMethodProcessor : Using 'application/json', given [application/json, application/*+json] and supported [application/json, application/*+json]
2025-01-15T09:48:59.157-06:00 DEBUG 40510 --- [ConsultaDatosWebService] [http-nio-8080-exec-9] m.m.a.RequestResponseBodyMethodProcessor : Writing [[com.data.GrupoCuatroS.entity.CatalogResultEntity@6b31ab9d, com.data.GrupoCuatroS.entity.CatalogResu (truncated)...]
2025-01-15T09:48:59.158-06:00 DEBUG 40510 --- [ConsultaDatosWebService] [http-nio-8080-exec-9] o.s.web.servlet.DispatcherServlet        : Completed 200 OK
2025-01-15T09:48:59.162-06:00 DEBUG 40510 --- [ConsultaDatosWebService] [http-nio-8080-exec-10] o.s.web.servlet.DispatcherServlet        : GET "/api/getZona", parameters={}
2025-01-15T09:48:59.162-06:00 DEBUG 40510 --- [ConsultaDatosWebService] [http-nio-8080-exec-10] s.w.s.m.m.a.RequestMappingHandlerMapping : Mapped to com.data.GrupoCuatroS.controller.BigQueryController#getZona()
2025-01-15T09:48:59.577-06:00 DEBUG 40510 --- [ConsultaDatosWebService] [http-nio-8080-exec-10] m.m.a.RequestResponseBodyMethodProcessor : Using 'application/json', given [application/json, application/*+json] and supported [application/json, application/*+json]
2025-01-15T09:48:59.577-06:00 DEBUG 40510 --- [ConsultaDatosWebService] [http-nio-8080-exec-10] m.m.a.RequestResponseBodyMethodProcessor : Writing [[com.data.GrupoCuatroS.entity.CatalogResultEntity@7293dcda, com.data.GrupoCuatroS.entity.CatalogResu (truncated)...]
2025-01-15T09:48:59.578-06:00 DEBUG 40510 --- [ConsultaDatosWebService] [http-nio-8080-exec-10] o.s.web.servlet.DispatcherServlet        : Completed 200 OK
2025-01-15T09:48:59.581-06:00 DEBUG 40510 --- [ConsultaDatosWebService] [http-nio-8080-exec-1] o.s.web.servlet.DispatcherServlet        : GET "/api/getSegmento", parameters={}
2025-01-15T09:48:59.582-06:00 DEBUG 40510 --- [ConsultaDatosWebService] [http-nio-8080-exec-1] s.w.s.m.m.a.RequestMappingHandlerMapping : Mapped to com.data.GrupoCuatroS.controller.BigQueryController#getSegmento()
2025-01-15T09:48:59.935-06:00 DEBUG 40510 --- [ConsultaDatosWebService] [http-nio-8080-exec-1] m.m.a.RequestResponseBodyMethodProcessor : Using 'application/json', given [application/json, application/*+json] and supported [application/json, application/*+json]
2025-01-15T09:48:59.935-06:00 DEBUG 40510 --- [ConsultaDatosWebService] [http-nio-8080-exec-1] m.m.a.RequestResponseBodyMethodProcessor : Writing [[com.data.GrupoCuatroS.entity.CatalogResultEntity@40c67ffd, com.data.GrupoCuatroS.entity.CatalogResu (truncated)...]
2025-01-15T09:48:59.936-06:00 DEBUG 40510 --- [ConsultaDatosWebService] [http-nio-8080-exec-1] o.s.web.servlet.DispatcherServlet        : Completed 200 OK
2025-01-15T09:49:09.691-06:00 DEBUG 40510 --- [ConsultaDatosWebService] [http-nio-8080-exec-3] o.s.web.servlet.DispatcherServlet        : GET "/api/consultar?estado=Jalisco&tipo=&zona=&segmento=&precioFichaIni=&precioFichaFin=&preciom2Ini=&preciom2Fin=&fechaIni=2024-09&fechaFin=2025-01", parameters={masked}
2025-01-15T09:49:09.691-06:00 DEBUG 40510 --- [ConsultaDatosWebService] [http-nio-8080-exec-3] s.w.s.m.m.a.RequestMappingHandlerMapping : Mapped to com.data.GrupoCuatroS.controller.BigQueryController#consultar(String, String, String, String, String, String, String, String, String, String)
2025-01-15T09:49:16.165-06:00 DEBUG 40510 --- [ConsultaDatosWebService] [http-nio-8080-exec-3] m.m.a.RequestResponseBodyMethodProcessor : Using 'application/json', given [application/json, application/*+json] and supported [application/json, application/*+json]
2025-01-15T09:49:16.168-06:00 DEBUG 40510 --- [ConsultaDatosWebService] [http-nio-8080-exec-3] m.m.a.RequestResponseBodyMethodProcessor : Writing [[com.data.GrupoCuatroS.entity.BigQueryResulteEntity@6d078bf2, com.data.GrupoCuatroS.entity.BigQueryR (truncated)...]
2025-01-15T09:49:16.387-06:00 DEBUG 40510 --- [ConsultaDatosWebService] [http-nio-8080-exec-3] o.s.web.servlet.DispatcherServlet        : Completed 200 OK
2025-01-15T09:53:49.144-06:00 DEBUG 40510 --- [ConsultaDatosWebService] [http-nio-8080-exec-4] o.s.web.servlet.DispatcherServlet        : GET "/api/consultar?estado=Jalisco&tipo=&zona=&segmento=&precioFichaIni=&precioFichaFin=&preciom2Ini=&preciom2Fin=&fechaIni=2024-09&fechaFin=2025-01", parameters={masked}
2025-01-15T09:53:49.156-06:00 DEBUG 40510 --- [ConsultaDatosWebService] [http-nio-8080-exec-4] s.w.s.m.m.a.RequestMappingHandlerMapping : Mapped to com.data.GrupoCuatroS.controller.BigQueryController#consultar(String, String, String, String, String, String, String, String, String, String)
2025-01-15T09:53:56.275-06:00 DEBUG 40510 --- [ConsultaDatosWebService] [http-nio-8080-exec-4] m.m.a.RequestResponseBodyMethodProcessor : Using 'application/json', given [application/json, application/*+json] and supported [application/json, application/*+json]
2025-01-15T09:53:56.285-06:00 DEBUG 40510 --- [ConsultaDatosWebService] [http-nio-8080-exec-4] m.m.a.RequestResponseBodyMethodProcessor : Writing [[com.data.GrupoCuatroS.entity.BigQueryResulteEntity@1e23368c, com.data.GrupoCuatroS.entity.BigQueryR (truncated)...]
2025-01-15T09:53:56.434-06:00 DEBUG 40510 --- [ConsultaDatosWebService] [http-nio-8080-exec-4] o.s.web.servlet.DispatcherServlet        : Completed 200 OK
2025-01-15T09:54:04.050-06:00 DEBUG 40510 --- [ConsultaDatosWebService] [http-nio-8080-exec-5] o.s.web.servlet.DispatcherServlet        : GET "/api/getDormitoriosRango?estado=Jalisco&tipo=&zona=&segmento=&precioFichaIni=1000000&precioFichaFin=5000000&preciom2Ini=&preciom2Fin=&fechaIni=2024-09&fechaFin=2025-01&rangosPrecio=1000000&indicadorMonto=1", parameters={masked}
2025-01-15T09:54:04.072-06:00 DEBUG 40510 --- [ConsultaDatosWebService] [http-nio-8080-exec-5] s.w.s.m.m.a.RequestMappingHandlerMapping : Mapped to com.data.GrupoCuatroS.controller.BigQueryController#getDormitoriosPrecio(String, String, String, String, String, String, String, String, String, String, String, String)
2025-01-15T09:54:05.403-06:00 DEBUG 40510 --- [ConsultaDatosWebService] [http-nio-8080-exec-5] o.s.w.s.m.m.a.HttpEntityMethodProcessor  : Using 'application/json', given [text/plain, application/json, application/*+json, */*] and supported [application/json, application/*+json]
2025-01-15T09:54:05.406-06:00 DEBUG 40510 --- [ConsultaDatosWebService] [http-nio-8080-exec-5] o.s.w.s.m.m.a.HttpEntityMethodProcessor  : Writing [{Jalisco=[{dormitorios_cantidad=2 dormitorios o menos, r5000000=0, loc_zona=18 de Marzo, loc_estado= (truncated)...]
2025-01-15T09:54:05.420-06:00 DEBUG 40510 --- [ConsultaDatosWebService] [http-nio-8080-exec-5] o.s.web.servlet.DispatcherServlet        : Completed 200 OK
